[16:49:09.833] src/persistence/settings.cpp:119 : Debug: "Loading settings from /home/mathieu/.config/tox/qtox.ini"
[16:49:09.834] src/ipc.cpp:45 : Debug: Our global IPC ID is  9774169064860385942
[16:49:09.834] src/ipc.cpp:63 : Debug: Attaching to the global shared memory
[16:49:09.835] src/main.cpp:141 : Debug: built on:  14:43:04 Sep 29 2015 ( 1443552013 )
[16:49:09.835] src/main.cpp:142 : Debug: commit:  9cafb31eca79b1da89db446ba27c0e6c189abed3 

[16:49:09.835] src/ipc.cpp:124 : Debug: postEvent  "activate" to 0
[16:49:14.740] src/persistence/settings.cpp:119 : Debug: "Loading settings from /home/mathieu/.config/tox/qtox.ini"
[16:49:14.741] src/ipc.cpp:45 : Debug: Our global IPC ID is  17448410219032212607
[16:49:14.741] src/ipc.cpp:63 : Debug: Attaching to the global shared memory
[16:49:14.741] src/main.cpp:141 : Debug: built on:  14:43:04 Sep 29 2015 ( 1443552013 )
[16:49:14.741] src/main.cpp:142 : Debug: commit:  9cafb31eca79b1da89db446ba27c0e6c189abed3 

[16:49:14.741] src/ipc.cpp:124 : Debug: postEvent  "activate" to 0
[16:49:16.656] src/persistence/settings.cpp:119 : Debug: "Loading settings from /home/mathieu/.config/tox/qtox.ini"
[16:49:16.657] src/ipc.cpp:45 : Debug: Our global IPC ID is  13198752745446797026
[16:49:16.657] src/ipc.cpp:63 : Debug: Attaching to the global shared memory
[16:49:16.657] src/main.cpp:141 : Debug: built on:  14:43:04 Sep 29 2015 ( 1443552013 )
[16:49:16.657] src/main.cpp:142 : Debug: commit:  9cafb31eca79b1da89db446ba27c0e6c189abed3 

[16:49:16.658] src/ipc.cpp:124 : Debug: postEvent  "activate" to 0
[16:49:19.835] src/nexus.cpp:77 : Debug: Starting up
[16:49:19.909] src/persistence/settings.cpp:340 : Debug: "Saving global settings at /home/mathieu/.config/tox/qtox.ini"
[16:49:19.953] src/ipc.cpp:256 : Debug: Previous owner timed out, taking ownership 17897728695832788934 -> 9774169064860385942
[16:49:22.509] src/persistence/profile.cpp:75 : Debug: Loading tox save  "/home/mathieu/.config/tox/mamat.tox"
[16:49:22.764] src/persistence/settings.cpp:340 : Debug: "Saving global settings at /home/mathieu/.config/tox/qtox.ini"
[16:49:22.785] src/audio/audio.cpp:214 : Debug: "Opening audio output Audio interne St\u00E9r\u00E9o analogique"
[16:49:22.796] src/audio/audio.cpp:160 : Debug: Opening audio input  "Audio interne St\u00E9r\u00E9o analogique"
[16:49:22.796] src/persistence/settings.cpp:283 : Debug: Loading personnal settings from "/home/mathieu/.config/tox/mamat.ini"
[16:49:23.410] src/core/core.cpp:262 : Debug: Loading user profile
[16:49:23.410] src/persistence/profile.cpp:237 : Debug: Loading tox save  "/home/mathieu/.config/tox/mamat.tox"
[16:49:23.533] src/core/core.cpp:151 : Debug: Core starting with IPv6 enabled
[16:49:23.601] src/core/core.cpp:344 : Debug: Self avatar not found
[16:49:23.637] src/persistence/db/encrypteddb.cpp:43 : Debug: writing old data
[16:49:23.944] src/widget/systemtrayicon.cpp:39 : Debug: Using Unity backend
[16:49:24.742] src/nexus.cpp:77 : Debug: Starting up
[16:49:24.819] src/persistence/settings.cpp:340 : Debug: "Saving global settings at /home/mathieu/.config/tox/qtox.ini"
[16:49:25.130] src/core/core.cpp:443 : Debug: "Connecting to 108.61.165.198:33445 (ray65536)"
[16:49:25.132] src/core/core.cpp:443 : Debug: "Connecting to 212.71.252.109:33445 (Kr9r0x)"
[16:49:26.658] src/nexus.cpp:77 : Debug: Starting up
[16:49:26.736] src/persistence/settings.cpp:340 : Debug: "Saving global settings at /home/mathieu/.config/tox/qtox.ini"
[16:49:27.372] src/persistence/settings.cpp:340 : Debug: "Saving global settings at /home/mathieu/.config/tox/qtox.ini"
[16:49:27.381] src/main.cpp:274 : Debug: Clean exit with status 0
[16:49:27.932] src/persistence/settings.cpp:340 : Debug: "Saving global settings at /home/mathieu/.config/tox/qtox.ini"
[16:49:27.942] src/main.cpp:274 : Debug: Clean exit with status 0
[16:49:29.622] src/core/core.cpp:443 : Debug: "Connecting to 194.249.212.109:33445 (fluke571)"
[16:49:29.623] src/core/core.cpp:443 : Debug: "Connecting to 185.25.116.107:33445 (MAH69K)"
[16:49:34.076] src/core/core.cpp:410 : Debug: Connected to the DHT
[16:49:34.076] src/persistence/profile.cpp:302 : Debug: Saving tox save to  "/home/mathieu/.config/tox/mamat.tox"
[16:49:54.723] src/core/corefile.cpp:261 : Debug: "Received empty avatar request 1:65536"

(process:8881): GLib-CRITICAL **: g_slice_set_config: assertion 'sys_page_size == 0' failed
[18:14:17.325] src/persistence/profile.cpp:302 : Debug: Saving tox save to  "/home/mathieu/.config/tox/mamat.tox"
[18:14:17.420] src/audio/audio.cpp:224 : Debug: Closing input
[18:14:17.420] src/audio/audio.cpp:242 : Debug: Closing output
[18:14:17.421] src/persistence/settings.cpp:462 : Debug: Saving personal settings at  "/home/mathieu/.config/tox/mamat.ini"
[18:14:17.491] src/persistence/settings.cpp:340 : Debug: "Saving global settings at /home/mathieu/.config/tox/qtox.ini"
[18:14:17.499] src/main.cpp:274 : Debug: Clean exit with status 0
